[0.239s] DEBUG:colcon:Command line arguments: ['/usr/bin/colcon', 'build']
[0.239s] DEBUG:colcon:Parsed command line arguments: Namespace(log_base=None, log_level=None, verb_name='build', build_base='build', install_base='install', merge_install=False, symlink_install=False, test_result_base=None, continue_on_error=False, executor='parallel', parallel_workers=4, event_handlers=None, ignore_user_meta=False, metas=['./colcon.meta'], base_paths=['.'], packages_ignore=None, packages_ignore_regex=None, paths=None, packages_up_to=None, packages_up_to_regex=None, packages_above=None, packages_above_and_dependencies=None, packages_above_depth=None, packages_select_by_dep=None, packages_skip_by_dep=None, packages_skip_up_to=None, packages_select_build_failed=False, packages_skip_build_finished=False, packages_select_test_failures=False, packages_skip_test_passed=False, packages_select=None, packages_skip=None, packages_select_regex=None, packages_skip_regex=None, packages_start=None, packages_end=None, allow_overriding=[], cmake_args=None, cmake_target=None, cmake_target_skip_unavailable=False, cmake_clean_cache=False, cmake_clean_first=False, cmake_force_configure=False, ament_cmake_args=None, catkin_cmake_args=None, catkin_skip_building_tests=False, verb_parser=<colcon_defaults.argument_parser.defaults.DefaultArgumentsDecorator object at 0x77882a96cbe0>, verb_extension=<colcon_core.verb.build.BuildVerb object at 0x77882a96c6d0>, main=<bound method BuildVerb.main of <colcon_core.verb.build.BuildVerb object at 0x77882a96c6d0>>)
[0.621s] Level 1:colcon.colcon_core.package_discovery:discover_packages(colcon_meta) check parameters
[0.622s] Level 1:colcon.colcon_core.package_discovery:discover_packages(recursive) check parameters
[0.622s] Level 1:colcon.colcon_core.package_discovery:discover_packages(ignore) check parameters
[0.622s] Level 1:colcon.colcon_core.package_discovery:discover_packages(path) check parameters
[0.622s] Level 1:colcon.colcon_core.package_discovery:discover_packages(colcon_meta) discover
[0.622s] Level 1:colcon.colcon_core.package_discovery:discover_packages(recursive) discover
[0.622s] INFO:colcon.colcon_core.package_discovery:Crawling recursively for packages in '/home/elreyrtubuntu/lab-robotica/lab-4-robotica'
[0.622s] Level 1:colcon.colcon_core.package_identification:_identify(.) by extensions ['ignore', 'ignore_ament_install']
[0.622s] Level 1:colcon.colcon_core.package_identification:_identify(.) by extension 'ignore'
[0.623s] Level 1:colcon.colcon_core.package_identification:_identify(.) by extension 'ignore_ament_install'
[0.623s] Level 1:colcon.colcon_core.package_identification:_identify(.) by extensions ['colcon_pkg']
[0.623s] Level 1:colcon.colcon_core.package_identification:_identify(.) by extension 'colcon_pkg'
[0.623s] Level 1:colcon.colcon_core.package_identification:_identify(.) by extensions ['colcon_meta']
[0.623s] Level 1:colcon.colcon_core.package_identification:_identify(.) by extension 'colcon_meta'
[0.623s] Level 1:colcon.colcon_core.package_identification:_identify(.) by extensions ['ros']
[0.623s] Level 1:colcon.colcon_core.package_identification:_identify(.) by extension 'ros'
[0.648s] Level 1:colcon.colcon_core.package_identification:_identify(.) by extensions ['cmake', 'python']
[0.648s] Level 1:colcon.colcon_core.package_identification:_identify(.) by extension 'cmake'
[0.648s] Level 1:colcon.colcon_core.package_identification:_identify(.) by extension 'python'
[0.648s] Level 1:colcon.colcon_core.package_identification:_identify(.) by extensions ['python_setup_py']
[0.648s] Level 1:colcon.colcon_core.package_identification:_identify(.) by extension 'python_setup_py'
[0.649s] Level 1:colcon.colcon_core.package_identification:_identify(build) by extensions ['ignore', 'ignore_ament_install']
[0.649s] Level 1:colcon.colcon_core.package_identification:_identify(build) by extension 'ignore'
[0.649s] Level 1:colcon.colcon_core.package_identification:_identify(build) ignored
[0.650s] Level 1:colcon.colcon_core.package_identification:_identify(install) by extensions ['ignore', 'ignore_ament_install']
[0.650s] Level 1:colcon.colcon_core.package_identification:_identify(install) by extension 'ignore'
[0.650s] Level 1:colcon.colcon_core.package_identification:_identify(install) ignored
[0.651s] Level 1:colcon.colcon_core.package_identification:_identify(log) by extensions ['ignore', 'ignore_ament_install']
[0.651s] Level 1:colcon.colcon_core.package_identification:_identify(log) by extension 'ignore'
[0.651s] Level 1:colcon.colcon_core.package_identification:_identify(log) ignored
[0.651s] Level 1:colcon.colcon_core.package_identification:_identify(src) by extensions ['ignore', 'ignore_ament_install']
[0.652s] Level 1:colcon.colcon_core.package_identification:_identify(src) by extension 'ignore'
[0.652s] Level 1:colcon.colcon_core.package_identification:_identify(src) by extension 'ignore_ament_install'
[0.652s] Level 1:colcon.colcon_core.package_identification:_identify(src) by extensions ['colcon_pkg']
[0.652s] Level 1:colcon.colcon_core.package_identification:_identify(src) by extension 'colcon_pkg'
[0.652s] Level 1:colcon.colcon_core.package_identification:_identify(src) by extensions ['colcon_meta']
[0.652s] Level 1:colcon.colcon_core.package_identification:_identify(src) by extension 'colcon_meta'
[0.652s] Level 1:colcon.colcon_core.package_identification:_identify(src) by extensions ['ros']
[0.653s] Level 1:colcon.colcon_core.package_identification:_identify(src) by extension 'ros'
[0.653s] Level 1:colcon.colcon_core.package_identification:_identify(src) by extensions ['cmake', 'python']
[0.653s] Level 1:colcon.colcon_core.package_identification:_identify(src) by extension 'cmake'
[0.653s] Level 1:colcon.colcon_core.package_identification:_identify(src) by extension 'python'
[0.653s] Level 1:colcon.colcon_core.package_identification:_identify(src) by extensions ['python_setup_py']
[0.653s] Level 1:colcon.colcon_core.package_identification:_identify(src) by extension 'python_setup_py'
[0.653s] Level 1:colcon.colcon_core.package_identification:_identify(src/my_turtle_controller) by extensions ['ignore', 'ignore_ament_install']
[0.654s] Level 1:colcon.colcon_core.package_identification:_identify(src/my_turtle_controller) by extension 'ignore'
[0.654s] Level 1:colcon.colcon_core.package_identification:_identify(src/my_turtle_controller) by extension 'ignore_ament_install'
[0.654s] Level 1:colcon.colcon_core.package_identification:_identify(src/my_turtle_controller) by extensions ['colcon_pkg']
[0.654s] Level 1:colcon.colcon_core.package_identification:_identify(src/my_turtle_controller) by extension 'colcon_pkg'
[0.654s] Level 1:colcon.colcon_core.package_identification:_identify(src/my_turtle_controller) by extensions ['colcon_meta']
[0.654s] Level 1:colcon.colcon_core.package_identification:_identify(src/my_turtle_controller) by extension 'colcon_meta'
[0.654s] Level 1:colcon.colcon_core.package_identification:_identify(src/my_turtle_controller) by extensions ['ros']
[0.654s] Level 1:colcon.colcon_core.package_identification:_identify(src/my_turtle_controller) by extension 'ros'
[0.660s] DEBUG:colcon.colcon_core.package_identification:Package 'src/my_turtle_controller' with type 'ros.ament_python' and name 'my_turtle_controller'
[0.660s] Level 1:colcon.colcon_core.package_discovery:discover_packages(recursive) using defaults
[0.660s] Level 1:colcon.colcon_core.package_discovery:discover_packages(ignore) discover
[0.660s] Level 1:colcon.colcon_core.package_discovery:discover_packages(ignore) using defaults
[0.660s] Level 1:colcon.colcon_core.package_discovery:discover_packages(path) discover
[0.660s] Level 1:colcon.colcon_core.package_discovery:discover_packages(path) using defaults
[0.730s] Level 1:colcon.colcon_core.package_discovery:discover_packages(prefix_path) check parameters
[0.730s] Level 1:colcon.colcon_core.package_discovery:discover_packages(prefix_path) discover
[0.734s] DEBUG:colcon.colcon_installed_package_information.package_discovery:Found 1 installed packages in /home/elreyrtubuntu/lab-robotica/lab-4-robotica/install
[0.737s] DEBUG:colcon.colcon_installed_package_information.package_discovery:Found 440 installed packages in /opt/ros/humble
[0.743s] Level 1:colcon.colcon_core.package_discovery:discover_packages(prefix_path) using defaults
[0.885s] Level 5:colcon.colcon_core.verb:set package 'my_turtle_controller' build argument 'cmake_args' from command line to 'None'
[0.886s] Level 5:colcon.colcon_core.verb:set package 'my_turtle_controller' build argument 'cmake_target' from command line to 'None'
[0.886s] Level 5:colcon.colcon_core.verb:set package 'my_turtle_controller' build argument 'cmake_target_skip_unavailable' from command line to 'False'
[0.886s] Level 5:colcon.colcon_core.verb:set package 'my_turtle_controller' build argument 'cmake_clean_cache' from command line to 'False'
[0.886s] Level 5:colcon.colcon_core.verb:set package 'my_turtle_controller' build argument 'cmake_clean_first' from command line to 'False'
[0.886s] Level 5:colcon.colcon_core.verb:set package 'my_turtle_controller' build argument 'cmake_force_configure' from command line to 'False'
[0.886s] Level 5:colcon.colcon_core.verb:set package 'my_turtle_controller' build argument 'ament_cmake_args' from command line to 'None'
[0.886s] Level 5:colcon.colcon_core.verb:set package 'my_turtle_controller' build argument 'catkin_cmake_args' from command line to 'None'
[0.886s] Level 5:colcon.colcon_core.verb:set package 'my_turtle_controller' build argument 'catkin_skip_building_tests' from command line to 'False'
[0.886s] DEBUG:colcon.colcon_core.verb:Building package 'my_turtle_controller' with the following arguments: {'ament_cmake_args': None, 'build_base': '/home/elreyrtubuntu/lab-robotica/lab-4-robotica/build/my_turtle_controller', 'catkin_cmake_args': None, 'catkin_skip_building_tests': False, 'cmake_args': None, 'cmake_clean_cache': False, 'cmake_clean_first': False, 'cmake_force_configure': False, 'cmake_target': None, 'cmake_target_skip_unavailable': False, 'install_base': '/home/elreyrtubuntu/lab-robotica/lab-4-robotica/install/my_turtle_controller', 'merge_install': False, 'path': '/home/elreyrtubuntu/lab-robotica/lab-4-robotica/src/my_turtle_controller', 'symlink_install': False, 'test_result_base': None}
[0.887s] INFO:colcon.colcon_core.executor:Executing jobs using 'parallel' executor
[0.890s] DEBUG:colcon.colcon_parallel_executor.executor.parallel:run_until_complete
[0.890s] INFO:colcon.colcon_ros.task.ament_python.build:Building ROS package in '/home/elreyrtubuntu/lab-robotica/lab-4-robotica/src/my_turtle_controller' with build type 'ament_python'
[0.891s] Level 1:colcon.colcon_core.shell:create_environment_hook('my_turtle_controller', 'ament_prefix_path')
[0.897s] INFO:colcon.colcon_core.plugin_system:Skipping extension 'colcon_core.shell.bat': Not used on non-Windows systems
[0.898s] INFO:colcon.colcon_core.shell:Creating environment hook '/home/elreyrtubuntu/lab-robotica/lab-4-robotica/install/my_turtle_controller/share/my_turtle_controller/hook/ament_prefix_path.ps1'
[0.901s] INFO:colcon.colcon_core.shell:Creating environment descriptor '/home/elreyrtubuntu/lab-robotica/lab-4-robotica/install/my_turtle_controller/share/my_turtle_controller/hook/ament_prefix_path.dsv'
[0.903s] INFO:colcon.colcon_core.shell:Creating environment hook '/home/elreyrtubuntu/lab-robotica/lab-4-robotica/install/my_turtle_controller/share/my_turtle_controller/hook/ament_prefix_path.sh'
[0.905s] INFO:colcon.colcon_core.shell:Skip shell extension 'powershell' for command environment: Not usable outside of PowerShell
[0.905s] DEBUG:colcon.colcon_core.shell:Skip shell extension 'dsv' for command environment
[1.551s] INFO:colcon.colcon_core.task.python.build:Building Python package in '/home/elreyrtubuntu/lab-robotica/lab-4-robotica/src/my_turtle_controller'
[1.552s] INFO:colcon.colcon_core.shell:Skip shell extension 'powershell' for command environment: Not usable outside of PowerShell
[1.553s] DEBUG:colcon.colcon_core.shell:Skip shell extension 'dsv' for command environment
[2.356s] DEBUG:colcon.colcon_core.event_handler.log_command:Invoking command in '/home/elreyrtubuntu/lab-robotica/lab-4-robotica/src/my_turtle_controller': PYTHONPATH=/home/elreyrtubuntu/lab-robotica/lab-4-robotica/build/my_turtle_controller/prefix_override:/usr/lib/python3/dist-packages/colcon_core/task/python/colcon_distutils_commands:/home/elreyrtubuntu/lab-robotica/lab-4-robotica/install/my_turtle_controller/lib/python3.10/site-packages:${PYTHONPATH} /usr/bin/python3 -W ignore:setup.py install is deprecated -W ignore:easy_install command is deprecated setup.py egg_info --egg-base ../../build/my_turtle_controller build --build-base /home/elreyrtubuntu/lab-robotica/lab-4-robotica/build/my_turtle_controller/build install --record /home/elreyrtubuntu/lab-robotica/lab-4-robotica/build/my_turtle_controller/install.log --single-version-externally-managed install_data
[3.033s] DEBUG:colcon.colcon_core.event_handler.log_command:Invoked command in '/home/elreyrtubuntu/lab-robotica/lab-4-robotica/src/my_turtle_controller' returned '0': PYTHONPATH=/home/elreyrtubuntu/lab-robotica/lab-4-robotica/build/my_turtle_controller/prefix_override:/usr/lib/python3/dist-packages/colcon_core/task/python/colcon_distutils_commands:/home/elreyrtubuntu/lab-robotica/lab-4-robotica/install/my_turtle_controller/lib/python3.10/site-packages:${PYTHONPATH} /usr/bin/python3 -W ignore:setup.py install is deprecated -W ignore:easy_install command is deprecated setup.py egg_info --egg-base ../../build/my_turtle_controller build --build-base /home/elreyrtubuntu/lab-robotica/lab-4-robotica/build/my_turtle_controller/build install --record /home/elreyrtubuntu/lab-robotica/lab-4-robotica/build/my_turtle_controller/install.log --single-version-externally-managed install_data
[3.038s] Level 1:colcon.colcon_core.environment:checking '/home/elreyrtubuntu/lab-robotica/lab-4-robotica/install/my_turtle_controller' for CMake module files
[3.039s] Level 1:colcon.colcon_core.environment:checking '/home/elreyrtubuntu/lab-robotica/lab-4-robotica/install/my_turtle_controller' for CMake config files
[3.040s] Level 1:colcon.colcon_core.environment:checking '/home/elreyrtubuntu/lab-robotica/lab-4-robotica/install/my_turtle_controller/lib'
[3.041s] Level 1:colcon.colcon_core.environment:checking '/home/elreyrtubuntu/lab-robotica/lab-4-robotica/install/my_turtle_controller/bin'
[3.041s] Level 1:colcon.colcon_core.environment:checking '/home/elreyrtubuntu/lab-robotica/lab-4-robotica/install/my_turtle_controller/lib/pkgconfig/my_turtle_controller.pc'
[3.041s] Level 1:colcon.colcon_core.environment:checking '/home/elreyrtubuntu/lab-robotica/lab-4-robotica/install/my_turtle_controller/lib/python3.10/site-packages'
[3.042s] Level 1:colcon.colcon_core.shell:create_environment_hook('my_turtle_controller', 'pythonpath')
[3.042s] INFO:colcon.colcon_core.shell:Creating environment hook '/home/elreyrtubuntu/lab-robotica/lab-4-robotica/install/my_turtle_controller/share/my_turtle_controller/hook/pythonpath.ps1'
[3.043s] INFO:colcon.colcon_core.shell:Creating environment descriptor '/home/elreyrtubuntu/lab-robotica/lab-4-robotica/install/my_turtle_controller/share/my_turtle_controller/hook/pythonpath.dsv'
[3.044s] INFO:colcon.colcon_core.shell:Creating environment hook '/home/elreyrtubuntu/lab-robotica/lab-4-robotica/install/my_turtle_controller/share/my_turtle_controller/hook/pythonpath.sh'
[3.046s] Level 1:colcon.colcon_core.environment:checking '/home/elreyrtubuntu/lab-robotica/lab-4-robotica/install/my_turtle_controller/bin'
[3.047s] Level 1:colcon.colcon_core.environment:create_environment_scripts_only(my_turtle_controller)
[3.047s] INFO:colcon.colcon_core.shell:Creating package script '/home/elreyrtubuntu/lab-robotica/lab-4-robotica/install/my_turtle_controller/share/my_turtle_controller/package.ps1'
[3.050s] INFO:colcon.colcon_core.shell:Creating package descriptor '/home/elreyrtubuntu/lab-robotica/lab-4-robotica/install/my_turtle_controller/share/my_turtle_controller/package.dsv'
[3.051s] INFO:colcon.colcon_core.shell:Creating package script '/home/elreyrtubuntu/lab-robotica/lab-4-robotica/install/my_turtle_controller/share/my_turtle_controller/package.sh'
[3.053s] INFO:colcon.colcon_core.shell:Creating package script '/home/elreyrtubuntu/lab-robotica/lab-4-robotica/install/my_turtle_controller/share/my_turtle_controller/package.bash'
[3.056s] INFO:colcon.colcon_core.shell:Creating package script '/home/elreyrtubuntu/lab-robotica/lab-4-robotica/install/my_turtle_controller/share/my_turtle_controller/package.zsh'
[3.057s] Level 1:colcon.colcon_core.environment:create_file_with_runtime_dependencies(/home/elreyrtubuntu/lab-robotica/lab-4-robotica/install/my_turtle_controller/share/colcon-core/packages/my_turtle_controller)
[3.058s] DEBUG:colcon.colcon_parallel_executor.executor.parallel:closing loop
[3.059s] DEBUG:colcon.colcon_parallel_executor.executor.parallel:loop closed
[3.059s] DEBUG:colcon.colcon_parallel_executor.executor.parallel:run_until_complete finished with '0'
[3.060s] DEBUG:colcon.colcon_core.event_reactor:joining thread
[3.080s] INFO:colcon.colcon_core.plugin_system:Skipping extension 'colcon_notification.desktop_notification.terminal_notifier': Not used on non-Darwin systems
[3.081s] INFO:colcon.colcon_core.plugin_system:Skipping extension 'colcon_notification.desktop_notification.win32': Not used on non-Windows systems
[3.081s] INFO:colcon.colcon_notification.desktop_notification:Sending desktop notification using 'notify2'
[3.128s] DEBUG:colcon.colcon_core.event_reactor:joined thread
[3.130s] INFO:colcon.colcon_core.shell:Creating prefix script '/home/elreyrtubuntu/lab-robotica/lab-4-robotica/install/local_setup.ps1'
[3.134s] INFO:colcon.colcon_core.shell:Creating prefix util module '/home/elreyrtubuntu/lab-robotica/lab-4-robotica/install/_local_setup_util_ps1.py'
[3.140s] INFO:colcon.colcon_core.shell:Creating prefix chain script '/home/elreyrtubuntu/lab-robotica/lab-4-robotica/install/setup.ps1'
[3.144s] INFO:colcon.colcon_core.shell:Creating prefix script '/home/elreyrtubuntu/lab-robotica/lab-4-robotica/install/local_setup.sh'
[3.147s] INFO:colcon.colcon_core.shell:Creating prefix util module '/home/elreyrtubuntu/lab-robotica/lab-4-robotica/install/_local_setup_util_sh.py'
[3.148s] INFO:colcon.colcon_core.shell:Creating prefix chain script '/home/elreyrtubuntu/lab-robotica/lab-4-robotica/install/setup.sh'
[3.151s] INFO:colcon.colcon_core.shell:Creating prefix script '/home/elreyrtubuntu/lab-robotica/lab-4-robotica/install/local_setup.bash'
[3.154s] INFO:colcon.colcon_core.shell:Creating prefix chain script '/home/elreyrtubuntu/lab-robotica/lab-4-robotica/install/setup.bash'
[3.158s] INFO:colcon.colcon_core.shell:Creating prefix script '/home/elreyrtubuntu/lab-robotica/lab-4-robotica/install/local_setup.zsh'
[3.160s] INFO:colcon.colcon_core.shell:Creating prefix chain script '/home/elreyrtubuntu/lab-robotica/lab-4-robotica/install/setup.zsh'
