[1.763s] Invoking command in '/home/elreyrtubuntu/lab-robotica/lab-4-robotica/src/my_turtle_controller': PYTHONPATH=/home/elreyrtubuntu/lab-robotica/lab-4-robotica/build/my_turtle_controller/prefix_override:/usr/lib/python3/dist-packages/colcon_core/task/python/colcon_distutils_commands:/home/elreyrtubuntu/lab-robotica/lab-4-robotica/install/my_turtle_controller/lib/python3.10/site-packages:${PYTHONPATH} /usr/bin/python3 -W ignore:setup.py install is deprecated -W ignore:easy_install command is deprecated setup.py egg_info --egg-base ../../build/my_turtle_controller build --build-base /home/elreyrtubuntu/lab-robotica/lab-4-robotica/build/my_turtle_controller/build install --record /home/elreyrtubuntu/lab-robotica/lab-4-robotica/build/my_turtle_controller/install.log --single-version-externally-managed install_data
[2.788s] running egg_info
[2.790s] writing ../../build/my_turtle_controller/my_turtle_controller.egg-info/PKG-INFO
[2.793s] writing dependency_links to ../../build/my_turtle_controller/my_turtle_controller.egg-info/dependency_links.txt
[2.793s] writing entry points to ../../build/my_turtle_controller/my_turtle_controller.egg-info/entry_points.txt
[2.796s] writing requirements to ../../build/my_turtle_controller/my_turtle_controller.egg-info/requires.txt
[2.796s] writing top-level names to ../../build/my_turtle_controller/my_turtle_controller.egg-info/top_level.txt
[2.799s] reading manifest file '../../build/my_turtle_controller/my_turtle_controller.egg-info/SOURCES.txt'
[2.801s] writing manifest file '../../build/my_turtle_controller/my_turtle_controller.egg-info/SOURCES.txt'
[2.802s] running build
[2.802s] running build_py
[2.802s] running install
[2.803s] running install_lib
[2.806s] running install_data
[2.807s] running install_egg_info
[2.812s] removing '/home/elreyrtubuntu/lab-robotica/lab-4-robotica/install/my_turtle_controller/lib/python3.10/site-packages/my_turtle_controller-0.0.0-py3.10.egg-info' (and everything under it)
[2.813s] Copying ../../build/my_turtle_controller/my_turtle_controller.egg-info to /home/elreyrtubuntu/lab-robotica/lab-4-robotica/install/my_turtle_controller/lib/python3.10/site-packages/my_turtle_controller-0.0.0-py3.10.egg-info
[2.815s] running install_scripts
[2.874s] Installing move_turtle script to /home/elreyrtubuntu/lab-robotica/lab-4-robotica/install/my_turtle_controller/lib/my_turtle_controller
[2.875s] writing list of installed files to '/home/elreyrtubuntu/lab-robotica/lab-4-robotica/build/my_turtle_controller/install.log'
[2.966s] Invoked command in '/home/elreyrtubuntu/lab-robotica/lab-4-robotica/src/my_turtle_controller' returned '0': PYTHONPATH=/home/elreyrtubuntu/lab-robotica/lab-4-robotica/build/my_turtle_controller/prefix_override:/usr/lib/python3/dist-packages/colcon_core/task/python/colcon_distutils_commands:/home/elreyrtubuntu/lab-robotica/lab-4-robotica/install/my_turtle_controller/lib/python3.10/site-packages:${PYTHONPATH} /usr/bin/python3 -W ignore:setup.py install is deprecated -W ignore:easy_install command is deprecated setup.py egg_info --egg-base ../../build/my_turtle_controller build --build-base /home/elreyrtubuntu/lab-robotica/lab-4-robotica/build/my_turtle_controller/build install --record /home/elreyrtubuntu/lab-robotica/lab-4-robotica/build/my_turtle_controller/install.log --single-version-externally-managed install_data
