[1.936s] Invoking command in '/home/elreyrtubuntu/lab-robotica/lab-4-robotica/src/my_turtle_controller': PYTHONPATH=/home/elreyrtubuntu/lab-robotica/lab-4-robotica/build/my_turtle_controller/prefix_override:/usr/lib/python3/dist-packages/colcon_core/task/python/colcon_distutils_commands:/home/elreyrtubuntu/lab-robotica/lab-4-robotica/install/my_turtle_controller/lib/python3.10/site-packages:${PYTHONPATH} /usr/bin/python3 -W ignore:setup.py install is deprecated -W ignore:easy_install command is deprecated setup.py egg_info --egg-base ../../build/my_turtle_controller build --build-base /home/elreyrtubuntu/lab-robotica/lab-4-robotica/build/my_turtle_controller/build install --record /home/elreyrtubuntu/lab-robotica/lab-4-robotica/build/my_turtle_controller/install.log --single-version-externally-managed install_data
[2.451s] running egg_info
[2.453s] creating ../../build/my_turtle_controller/my_turtle_controller.egg-info
[2.454s] writing ../../build/my_turtle_controller/my_turtle_controller.egg-info/PKG-INFO
[2.454s] writing dependency_links to ../../build/my_turtle_controller/my_turtle_controller.egg-info/dependency_links.txt
[2.454s] writing entry points to ../../build/my_turtle_controller/my_turtle_controller.egg-info/entry_points.txt
[2.455s] writing requirements to ../../build/my_turtle_controller/my_turtle_controller.egg-info/requires.txt
[2.455s] writing top-level names to ../../build/my_turtle_controller/my_turtle_controller.egg-info/top_level.txt
[2.456s] writing manifest file '../../build/my_turtle_controller/my_turtle_controller.egg-info/SOURCES.txt'
[2.460s] reading manifest file '../../build/my_turtle_controller/my_turtle_controller.egg-info/SOURCES.txt'
[2.462s] writing manifest file '../../build/my_turtle_controller/my_turtle_controller.egg-info/SOURCES.txt'
[2.462s] running build
[2.462s] running build_py
[2.463s] creating /home/elreyrtubuntu/lab-robotica/lab-4-robotica/build/my_turtle_controller/build
[2.463s] creating /home/elreyrtubuntu/lab-robotica/lab-4-robotica/build/my_turtle_controller/build/lib
[2.463s] creating /home/elreyrtubuntu/lab-robotica/lab-4-robotica/build/my_turtle_controller/build/lib/my_turtle_controller
[2.464s] copying my_turtle_controller/__init__.py -> /home/elreyrtubuntu/lab-robotica/lab-4-robotica/build/my_turtle_controller/build/lib/my_turtle_controller
[2.464s] copying my_turtle_controller/move_turtle.py -> /home/elreyrtubuntu/lab-robotica/lab-4-robotica/build/my_turtle_controller/build/lib/my_turtle_controller
[2.464s] running install
[2.465s] running install_lib
[2.466s] creating /home/elreyrtubuntu/lab-robotica/lab-4-robotica/install/my_turtle_controller/lib/python3.10/site-packages/my_turtle_controller
[2.467s] copying /home/elreyrtubuntu/lab-robotica/lab-4-robotica/build/my_turtle_controller/build/lib/my_turtle_controller/__init__.py -> /home/elreyrtubuntu/lab-robotica/lab-4-robotica/install/my_turtle_controller/lib/python3.10/site-packages/my_turtle_controller
[2.467s] copying /home/elreyrtubuntu/lab-robotica/lab-4-robotica/build/my_turtle_controller/build/lib/my_turtle_controller/move_turtle.py -> /home/elreyrtubuntu/lab-robotica/lab-4-robotica/install/my_turtle_controller/lib/python3.10/site-packages/my_turtle_controller
[2.468s] byte-compiling /home/elreyrtubuntu/lab-robotica/lab-4-robotica/install/my_turtle_controller/lib/python3.10/site-packages/my_turtle_controller/__init__.py to __init__.cpython-310.pyc
[2.468s] byte-compiling /home/elreyrtubuntu/lab-robotica/lab-4-robotica/install/my_turtle_controller/lib/python3.10/site-packages/my_turtle_controller/move_turtle.py to move_turtle.cpython-310.pyc
[2.470s] running install_data
[2.470s] creating /home/elreyrtubuntu/lab-robotica/lab-4-robotica/install/my_turtle_controller/share/ament_index
[2.470s] creating /home/elreyrtubuntu/lab-robotica/lab-4-robotica/install/my_turtle_controller/share/ament_index/resource_index
[2.471s] creating /home/elreyrtubuntu/lab-robotica/lab-4-robotica/install/my_turtle_controller/share/ament_index/resource_index/packages
[2.471s] copying resource/my_turtle_controller -> /home/elreyrtubuntu/lab-robotica/lab-4-robotica/install/my_turtle_controller/share/ament_index/resource_index/packages
[2.471s] copying package.xml -> /home/elreyrtubuntu/lab-robotica/lab-4-robotica/install/my_turtle_controller/share/my_turtle_controller
[2.471s] running install_egg_info
[2.476s] Copying ../../build/my_turtle_controller/my_turtle_controller.egg-info to /home/elreyrtubuntu/lab-robotica/lab-4-robotica/install/my_turtle_controller/lib/python3.10/site-packages/my_turtle_controller-0.0.0-py3.10.egg-info
[2.477s] running install_scripts
[2.524s] Installing move_turtle script to /home/elreyrtubuntu/lab-robotica/lab-4-robotica/install/my_turtle_controller/lib/my_turtle_controller
[2.525s] writing list of installed files to '/home/elreyrtubuntu/lab-robotica/lab-4-robotica/build/my_turtle_controller/install.log'
[2.599s] Invoked command in '/home/elreyrtubuntu/lab-robotica/lab-4-robotica/src/my_turtle_controller' returned '0': PYTHONPATH=/home/elreyrtubuntu/lab-robotica/lab-4-robotica/build/my_turtle_controller/prefix_override:/usr/lib/python3/dist-packages/colcon_core/task/python/colcon_distutils_commands:/home/elreyrtubuntu/lab-robotica/lab-4-robotica/install/my_turtle_controller/lib/python3.10/site-packages:${PYTHONPATH} /usr/bin/python3 -W ignore:setup.py install is deprecated -W ignore:easy_install command is deprecated setup.py egg_info --egg-base ../../build/my_turtle_controller build --build-base /home/elreyrtubuntu/lab-robotica/lab-4-robotica/build/my_turtle_controller/build install --record /home/elreyrtubuntu/lab-robotica/lab-4-robotica/build/my_turtle_controller/install.log --single-version-externally-managed install_data
