[0.210s] DEBUG:colcon:Command line arguments: ['/usr/bin/colcon', 'build']
[0.211s] DEBUG:colcon:Parsed command line arguments: Namespace(log_base=None, log_level=None, verb_name='build', build_base='build', install_base='install', merge_install=False, symlink_install=False, test_result_base=None, continue_on_error=False, executor='parallel', parallel_workers=4, event_handlers=None, ignore_user_meta=False, metas=['./colcon.meta'], base_paths=['.'], packages_ignore=None, packages_ignore_regex=None, paths=None, packages_up_to=None, packages_up_to_regex=None, packages_above=None, packages_above_and_dependencies=None, packages_above_depth=None, packages_select_by_dep=None, packages_skip_by_dep=None, packages_skip_up_to=None, packages_select_build_failed=False, packages_skip_build_finished=False, packages_select_test_failures=False, packages_skip_test_passed=False, packages_select=None, packages_skip=None, packages_select_regex=None, packages_skip_regex=None, packages_start=None, packages_end=None, allow_overriding=[], cmake_args=None, cmake_target=None, cmake_target_skip_unavailable=False, cmake_clean_cache=False, cmake_clean_first=False, cmake_force_configure=False, ament_cmake_args=None, catkin_cmake_args=None, catkin_skip_building_tests=False, verb_parser=<colcon_defaults.argument_parser.defaults.DefaultArgumentsDecorator object at 0x7b4b80e48be0>, verb_extension=<colcon_core.verb.build.BuildVerb object at 0x7b4b80e486d0>, main=<bound method BuildVerb.main of <colcon_core.verb.build.BuildVerb object at 0x7b4b80e486d0>>)
[0.574s] Level 1:colcon.colcon_core.package_discovery:discover_packages(colcon_meta) check parameters
[0.574s] Level 1:colcon.colcon_core.package_discovery:discover_packages(recursive) check parameters
[0.574s] Level 1:colcon.colcon_core.package_discovery:discover_packages(ignore) check parameters
[0.574s] Level 1:colcon.colcon_core.package_discovery:discover_packages(path) check parameters
[0.574s] Level 1:colcon.colcon_core.package_discovery:discover_packages(colcon_meta) discover
[0.574s] Level 1:colcon.colcon_core.package_discovery:discover_packages(recursive) discover
[0.575s] INFO:colcon.colcon_core.package_discovery:Crawling recursively for packages in '/home/elreyrtubuntu/lab-robotica/lab-4-robotica'
[0.575s] Level 1:colcon.colcon_core.package_identification:_identify(.) by extensions ['ignore', 'ignore_ament_install']
[0.575s] Level 1:colcon.colcon_core.package_identification:_identify(.) by extension 'ignore'
[0.575s] Level 1:colcon.colcon_core.package_identification:_identify(.) by extension 'ignore_ament_install'
[0.575s] Level 1:colcon.colcon_core.package_identification:_identify(.) by extensions ['colcon_pkg']
[0.575s] Level 1:colcon.colcon_core.package_identification:_identify(.) by extension 'colcon_pkg'
[0.576s] Level 1:colcon.colcon_core.package_identification:_identify(.) by extensions ['colcon_meta']
[0.576s] Level 1:colcon.colcon_core.package_identification:_identify(.) by extension 'colcon_meta'
[0.576s] Level 1:colcon.colcon_core.package_identification:_identify(.) by extensions ['ros']
[0.576s] Level 1:colcon.colcon_core.package_identification:_identify(.) by extension 'ros'
[0.599s] Level 1:colcon.colcon_core.package_identification:_identify(.) by extensions ['cmake', 'python']
[0.599s] Level 1:colcon.colcon_core.package_identification:_identify(.) by extension 'cmake'
[0.599s] Level 1:colcon.colcon_core.package_identification:_identify(.) by extension 'python'
[0.599s] Level 1:colcon.colcon_core.package_identification:_identify(.) by extensions ['python_setup_py']
[0.599s] Level 1:colcon.colcon_core.package_identification:_identify(.) by extension 'python_setup_py'
[0.600s] Level 1:colcon.colcon_core.package_identification:_identify(build) by extensions ['ignore', 'ignore_ament_install']
[0.600s] Level 1:colcon.colcon_core.package_identification:_identify(build) by extension 'ignore'
[0.600s] Level 1:colcon.colcon_core.package_identification:_identify(build) ignored
[0.600s] Level 1:colcon.colcon_core.package_identification:_identify(install) by extensions ['ignore', 'ignore_ament_install']
[0.601s] Level 1:colcon.colcon_core.package_identification:_identify(install) by extension 'ignore'
[0.601s] Level 1:colcon.colcon_core.package_identification:_identify(install) ignored
[0.601s] Level 1:colcon.colcon_core.package_identification:_identify(log) by extensions ['ignore', 'ignore_ament_install']
[0.601s] Level 1:colcon.colcon_core.package_identification:_identify(log) by extension 'ignore'
[0.602s] Level 1:colcon.colcon_core.package_identification:_identify(log) ignored
[0.602s] Level 1:colcon.colcon_core.package_identification:_identify(src) by extensions ['ignore', 'ignore_ament_install']
[0.602s] Level 1:colcon.colcon_core.package_identification:_identify(src) by extension 'ignore'
[0.602s] Level 1:colcon.colcon_core.package_identification:_identify(src) by extension 'ignore_ament_install'
[0.602s] Level 1:colcon.colcon_core.package_identification:_identify(src) by extensions ['colcon_pkg']
[0.602s] Level 1:colcon.colcon_core.package_identification:_identify(src) by extension 'colcon_pkg'
[0.603s] Level 1:colcon.colcon_core.package_identification:_identify(src) by extensions ['colcon_meta']
[0.603s] Level 1:colcon.colcon_core.package_identification:_identify(src) by extension 'colcon_meta'
[0.603s] Level 1:colcon.colcon_core.package_identification:_identify(src) by extensions ['ros']
[0.603s] Level 1:colcon.colcon_core.package_identification:_identify(src) by extension 'ros'
[0.603s] Level 1:colcon.colcon_core.package_identification:_identify(src) by extensions ['cmake', 'python']
[0.603s] Level 1:colcon.colcon_core.package_identification:_identify(src) by extension 'cmake'
[0.603s] Level 1:colcon.colcon_core.package_identification:_identify(src) by extension 'python'
[0.603s] Level 1:colcon.colcon_core.package_identification:_identify(src) by extensions ['python_setup_py']
[0.603s] Level 1:colcon.colcon_core.package_identification:_identify(src) by extension 'python_setup_py'
[0.604s] Level 1:colcon.colcon_core.package_identification:_identify(src/my_turtle_controller) by extensions ['ignore', 'ignore_ament_install']
[0.604s] Level 1:colcon.colcon_core.package_identification:_identify(src/my_turtle_controller) by extension 'ignore'
[0.604s] Level 1:colcon.colcon_core.package_identification:_identify(src/my_turtle_controller) by extension 'ignore_ament_install'
[0.604s] Level 1:colcon.colcon_core.package_identification:_identify(src/my_turtle_controller) by extensions ['colcon_pkg']
[0.604s] Level 1:colcon.colcon_core.package_identification:_identify(src/my_turtle_controller) by extension 'colcon_pkg'
[0.604s] Level 1:colcon.colcon_core.package_identification:_identify(src/my_turtle_controller) by extensions ['colcon_meta']
[0.604s] Level 1:colcon.colcon_core.package_identification:_identify(src/my_turtle_controller) by extension 'colcon_meta'
[0.604s] Level 1:colcon.colcon_core.package_identification:_identify(src/my_turtle_controller) by extensions ['ros']
[0.605s] Level 1:colcon.colcon_core.package_identification:_identify(src/my_turtle_controller) by extension 'ros'
[0.609s] DEBUG:colcon.colcon_core.package_identification:Package 'src/my_turtle_controller' with type 'ros.ament_python' and name 'my_turtle_controller'
[0.610s] Level 1:colcon.colcon_core.package_discovery:discover_packages(recursive) using defaults
[0.610s] Level 1:colcon.colcon_core.package_discovery:discover_packages(ignore) discover
[0.610s] Level 1:colcon.colcon_core.package_discovery:discover_packages(ignore) using defaults
[0.610s] Level 1:colcon.colcon_core.package_discovery:discover_packages(path) discover
[0.610s] Level 1:colcon.colcon_core.package_discovery:discover_packages(path) using defaults
[0.682s] Level 1:colcon.colcon_core.package_discovery:discover_packages(prefix_path) check parameters
[0.683s] Level 1:colcon.colcon_core.package_discovery:discover_packages(prefix_path) discover
[0.687s] DEBUG:colcon.colcon_installed_package_information.package_discovery:Found 1 installed packages in /home/elreyrtubuntu/lab-robotica/lab-4-robotica/install
[0.691s] DEBUG:colcon.colcon_installed_package_information.package_discovery:Found 440 installed packages in /opt/ros/humble
[0.696s] Level 1:colcon.colcon_core.package_discovery:discover_packages(prefix_path) using defaults
[0.827s] Level 5:colcon.colcon_core.verb:set package 'my_turtle_controller' build argument 'cmake_args' from command line to 'None'
[0.827s] Level 5:colcon.colcon_core.verb:set package 'my_turtle_controller' build argument 'cmake_target' from command line to 'None'
[0.827s] Level 5:colcon.colcon_core.verb:set package 'my_turtle_controller' build argument 'cmake_target_skip_unavailable' from command line to 'False'
[0.827s] Level 5:colcon.colcon_core.verb:set package 'my_turtle_controller' build argument 'cmake_clean_cache' from command line to 'False'
[0.828s] Level 5:colcon.colcon_core.verb:set package 'my_turtle_controller' build argument 'cmake_clean_first' from command line to 'False'
[0.828s] Level 5:colcon.colcon_core.verb:set package 'my_turtle_controller' build argument 'cmake_force_configure' from command line to 'False'
[0.828s] Level 5:colcon.colcon_core.verb:set package 'my_turtle_controller' build argument 'ament_cmake_args' from command line to 'None'
[0.828s] Level 5:colcon.colcon_core.verb:set package 'my_turtle_controller' build argument 'catkin_cmake_args' from command line to 'None'
[0.828s] Level 5:colcon.colcon_core.verb:set package 'my_turtle_controller' build argument 'catkin_skip_building_tests' from command line to 'False'
[0.828s] DEBUG:colcon.colcon_core.verb:Building package 'my_turtle_controller' with the following arguments: {'ament_cmake_args': None, 'build_base': '/home/elreyrtubuntu/lab-robotica/lab-4-robotica/build/my_turtle_controller', 'catkin_cmake_args': None, 'catkin_skip_building_tests': False, 'cmake_args': None, 'cmake_clean_cache': False, 'cmake_clean_first': False, 'cmake_force_configure': False, 'cmake_target': None, 'cmake_target_skip_unavailable': False, 'install_base': '/home/elreyrtubuntu/lab-robotica/lab-4-robotica/install/my_turtle_controller', 'merge_install': False, 'path': '/home/elreyrtubuntu/lab-robotica/lab-4-robotica/src/my_turtle_controller', 'symlink_install': False, 'test_result_base': None}
[0.828s] INFO:colcon.colcon_core.executor:Executing jobs using 'parallel' executor
[0.831s] DEBUG:colcon.colcon_parallel_executor.executor.parallel:run_until_complete
[0.832s] INFO:colcon.colcon_ros.task.ament_python.build:Building ROS package in '/home/elreyrtubuntu/lab-robotica/lab-4-robotica/src/my_turtle_controller' with build type 'ament_python'
[0.832s] Level 1:colcon.colcon_core.shell:create_environment_hook('my_turtle_controller', 'ament_prefix_path')
[0.838s] INFO:colcon.colcon_core.plugin_system:Skipping extension 'colcon_core.shell.bat': Not used on non-Windows systems
[0.839s] INFO:colcon.colcon_core.shell:Creating environment hook '/home/elreyrtubuntu/lab-robotica/lab-4-robotica/install/my_turtle_controller/share/my_turtle_controller/hook/ament_prefix_path.ps1'
[0.841s] INFO:colcon.colcon_core.shell:Creating environment descriptor '/home/elreyrtubuntu/lab-robotica/lab-4-robotica/install/my_turtle_controller/share/my_turtle_controller/hook/ament_prefix_path.dsv'
[0.842s] INFO:colcon.colcon_core.shell:Creating environment hook '/home/elreyrtubuntu/lab-robotica/lab-4-robotica/install/my_turtle_controller/share/my_turtle_controller/hook/ament_prefix_path.sh'
[0.845s] INFO:colcon.colcon_core.shell:Skip shell extension 'powershell' for command environment: Not usable outside of PowerShell
[0.845s] DEBUG:colcon.colcon_core.shell:Skip shell extension 'dsv' for command environment
[1.505s] INFO:colcon.colcon_core.task.python.build:Building Python package in '/home/elreyrtubuntu/lab-robotica/lab-4-robotica/src/my_turtle_controller'
[1.506s] INFO:colcon.colcon_core.shell:Skip shell extension 'powershell' for command environment: Not usable outside of PowerShell
[1.507s] DEBUG:colcon.colcon_core.shell:Skip shell extension 'dsv' for command environment
[2.418s] DEBUG:colcon.colcon_core.event_handler.log_command:Invoking command in '/home/elreyrtubuntu/lab-robotica/lab-4-robotica/src/my_turtle_controller': PYTHONPATH=/home/elreyrtubuntu/lab-robotica/lab-4-robotica/build/my_turtle_controller/prefix_override:/usr/lib/python3/dist-packages/colcon_core/task/python/colcon_distutils_commands:/home/elreyrtubuntu/lab-robotica/lab-4-robotica/install/my_turtle_controller/lib/python3.10/site-packages:${PYTHONPATH} /usr/bin/python3 -W ignore:setup.py install is deprecated -W ignore:easy_install command is deprecated setup.py egg_info --egg-base ../../build/my_turtle_controller build --build-base /home/elreyrtubuntu/lab-robotica/lab-4-robotica/build/my_turtle_controller/build install --record /home/elreyrtubuntu/lab-robotica/lab-4-robotica/build/my_turtle_controller/install.log --single-version-externally-managed install_data
[3.209s] DEBUG:colcon.colcon_core.event_handler.log_command:Invoked command in '/home/elreyrtubuntu/lab-robotica/lab-4-robotica/src/my_turtle_controller' returned '0': PYTHONPATH=/home/elreyrtubuntu/lab-robotica/lab-4-robotica/build/my_turtle_controller/prefix_override:/usr/lib/python3/dist-packages/colcon_core/task/python/colcon_distutils_commands:/home/elreyrtubuntu/lab-robotica/lab-4-robotica/install/my_turtle_controller/lib/python3.10/site-packages:${PYTHONPATH} /usr/bin/python3 -W ignore:setup.py install is deprecated -W ignore:easy_install command is deprecated setup.py egg_info --egg-base ../../build/my_turtle_controller build --build-base /home/elreyrtubuntu/lab-robotica/lab-4-robotica/build/my_turtle_controller/build install --record /home/elreyrtubuntu/lab-robotica/lab-4-robotica/build/my_turtle_controller/install.log --single-version-externally-managed install_data
[3.213s] Level 1:colcon.colcon_core.environment:checking '/home/elreyrtubuntu/lab-robotica/lab-4-robotica/install/my_turtle_controller' for CMake module files
[3.214s] Level 1:colcon.colcon_core.environment:checking '/home/elreyrtubuntu/lab-robotica/lab-4-robotica/install/my_turtle_controller' for CMake config files
[3.216s] Level 1:colcon.colcon_core.environment:checking '/home/elreyrtubuntu/lab-robotica/lab-4-robotica/install/my_turtle_controller/lib'
[3.216s] Level 1:colcon.colcon_core.environment:checking '/home/elreyrtubuntu/lab-robotica/lab-4-robotica/install/my_turtle_controller/bin'
[3.216s] Level 1:colcon.colcon_core.environment:checking '/home/elreyrtubuntu/lab-robotica/lab-4-robotica/install/my_turtle_controller/lib/pkgconfig/my_turtle_controller.pc'
[3.217s] Level 1:colcon.colcon_core.environment:checking '/home/elreyrtubuntu/lab-robotica/lab-4-robotica/install/my_turtle_controller/lib/python3.10/site-packages'
[3.217s] Level 1:colcon.colcon_core.shell:create_environment_hook('my_turtle_controller', 'pythonpath')
[3.218s] INFO:colcon.colcon_core.shell:Creating environment hook '/home/elreyrtubuntu/lab-robotica/lab-4-robotica/install/my_turtle_controller/share/my_turtle_controller/hook/pythonpath.ps1'
[3.219s] INFO:colcon.colcon_core.shell:Creating environment descriptor '/home/elreyrtubuntu/lab-robotica/lab-4-robotica/install/my_turtle_controller/share/my_turtle_controller/hook/pythonpath.dsv'
[3.220s] INFO:colcon.colcon_core.shell:Creating environment hook '/home/elreyrtubuntu/lab-robotica/lab-4-robotica/install/my_turtle_controller/share/my_turtle_controller/hook/pythonpath.sh'
[3.222s] Level 1:colcon.colcon_core.environment:checking '/home/elreyrtubuntu/lab-robotica/lab-4-robotica/install/my_turtle_controller/bin'
[3.222s] Level 1:colcon.colcon_core.environment:create_environment_scripts_only(my_turtle_controller)
[3.223s] INFO:colcon.colcon_core.shell:Creating package script '/home/elreyrtubuntu/lab-robotica/lab-4-robotica/install/my_turtle_controller/share/my_turtle_controller/package.ps1'
[3.225s] INFO:colcon.colcon_core.shell:Creating package descriptor '/home/elreyrtubuntu/lab-robotica/lab-4-robotica/install/my_turtle_controller/share/my_turtle_controller/package.dsv'
[3.227s] INFO:colcon.colcon_core.shell:Creating package script '/home/elreyrtubuntu/lab-robotica/lab-4-robotica/install/my_turtle_controller/share/my_turtle_controller/package.sh'
[3.229s] INFO:colcon.colcon_core.shell:Creating package script '/home/elreyrtubuntu/lab-robotica/lab-4-robotica/install/my_turtle_controller/share/my_turtle_controller/package.bash'
[3.231s] INFO:colcon.colcon_core.shell:Creating package script '/home/elreyrtubuntu/lab-robotica/lab-4-robotica/install/my_turtle_controller/share/my_turtle_controller/package.zsh'
[3.233s] Level 1:colcon.colcon_core.environment:create_file_with_runtime_dependencies(/home/elreyrtubuntu/lab-robotica/lab-4-robotica/install/my_turtle_controller/share/colcon-core/packages/my_turtle_controller)
[3.234s] DEBUG:colcon.colcon_parallel_executor.executor.parallel:closing loop
[3.235s] DEBUG:colcon.colcon_parallel_executor.executor.parallel:loop closed
[3.235s] DEBUG:colcon.colcon_parallel_executor.executor.parallel:run_until_complete finished with '0'
[3.236s] DEBUG:colcon.colcon_core.event_reactor:joining thread
[3.255s] INFO:colcon.colcon_core.plugin_system:Skipping extension 'colcon_notification.desktop_notification.terminal_notifier': Not used on non-Darwin systems
[3.256s] INFO:colcon.colcon_core.plugin_system:Skipping extension 'colcon_notification.desktop_notification.win32': Not used on non-Windows systems
[3.256s] INFO:colcon.colcon_notification.desktop_notification:Sending desktop notification using 'notify2'
[3.302s] DEBUG:colcon.colcon_core.event_reactor:joined thread
[3.303s] INFO:colcon.colcon_core.shell:Creating prefix script '/home/elreyrtubuntu/lab-robotica/lab-4-robotica/install/local_setup.ps1'
[3.308s] INFO:colcon.colcon_core.shell:Creating prefix util module '/home/elreyrtubuntu/lab-robotica/lab-4-robotica/install/_local_setup_util_ps1.py'
[3.314s] INFO:colcon.colcon_core.shell:Creating prefix chain script '/home/elreyrtubuntu/lab-robotica/lab-4-robotica/install/setup.ps1'
[3.317s] INFO:colcon.colcon_core.shell:Creating prefix script '/home/elreyrtubuntu/lab-robotica/lab-4-robotica/install/local_setup.sh'
[3.320s] INFO:colcon.colcon_core.shell:Creating prefix util module '/home/elreyrtubuntu/lab-robotica/lab-4-robotica/install/_local_setup_util_sh.py'
[3.322s] INFO:colcon.colcon_core.shell:Creating prefix chain script '/home/elreyrtubuntu/lab-robotica/lab-4-robotica/install/setup.sh'
[3.325s] INFO:colcon.colcon_core.shell:Creating prefix script '/home/elreyrtubuntu/lab-robotica/lab-4-robotica/install/local_setup.bash'
[3.327s] INFO:colcon.colcon_core.shell:Creating prefix chain script '/home/elreyrtubuntu/lab-robotica/lab-4-robotica/install/setup.bash'
[3.330s] INFO:colcon.colcon_core.shell:Creating prefix script '/home/elreyrtubuntu/lab-robotica/lab-4-robotica/install/local_setup.zsh'
[3.332s] INFO:colcon.colcon_core.shell:Creating prefix chain script '/home/elreyrtubuntu/lab-robotica/lab-4-robotica/install/setup.zsh'
