[1.540s] Invoking command in '/home/elreyrtubuntu/lab-robotica/lab-4-robotica/src/my_turtle_controller': PYTHONPATH=/home/elreyrtubuntu/lab-robotica/lab-4-robotica/build/my_turtle_controller/prefix_override:/usr/lib/python3/dist-packages/colcon_core/task/python/colcon_distutils_commands:/home/elreyrtubuntu/lab-robotica/lab-4-robotica/install/my_turtle_controller/lib/python3.10/site-packages:${PYTHONPATH} /usr/bin/python3 -W ignore:setup.py install is deprecated -W ignore:easy_install command is deprecated setup.py egg_info --egg-base ../../build/my_turtle_controller build --build-base /home/elreyrtubuntu/lab-robotica/lab-4-robotica/build/my_turtle_controller/build install --record /home/elreyrtubuntu/lab-robotica/lab-4-robotica/build/my_turtle_controller/install.log --single-version-externally-managed install_data
[2.071s] running egg_info
[2.073s] writing ../../build/my_turtle_controller/my_turtle_controller.egg-info/PKG-INFO
[2.073s] writing dependency_links to ../../build/my_turtle_controller/my_turtle_controller.egg-info/dependency_links.txt
[2.074s] writing entry points to ../../build/my_turtle_controller/my_turtle_controller.egg-info/entry_points.txt
[2.074s] writing requirements to ../../build/my_turtle_controller/my_turtle_controller.egg-info/requires.txt
[2.075s] writing top-level names to ../../build/my_turtle_controller/my_turtle_controller.egg-info/top_level.txt
[2.079s] reading manifest file '../../build/my_turtle_controller/my_turtle_controller.egg-info/SOURCES.txt'
[2.082s] writing manifest file '../../build/my_turtle_controller/my_turtle_controller.egg-info/SOURCES.txt'
[2.082s] running build
[2.083s] running build_py
[2.083s] copying my_turtle_controller/move_turtle.py -> /home/elreyrtubuntu/lab-robotica/lab-4-robotica/build/my_turtle_controller/build/lib/my_turtle_controller
[2.083s] running install
[2.084s] running install_lib
[2.086s] copying /home/elreyrtubuntu/lab-robotica/lab-4-robotica/build/my_turtle_controller/build/lib/my_turtle_controller/move_turtle.py -> /home/elreyrtubuntu/lab-robotica/lab-4-robotica/install/my_turtle_controller/lib/python3.10/site-packages/my_turtle_controller
[2.087s] byte-compiling /home/elreyrtubuntu/lab-robotica/lab-4-robotica/install/my_turtle_controller/lib/python3.10/site-packages/my_turtle_controller/move_turtle.py to move_turtle.cpython-310.pyc
[2.091s] running install_data
[2.091s] running install_egg_info
[2.095s] removing '/home/elreyrtubuntu/lab-robotica/lab-4-robotica/install/my_turtle_controller/lib/python3.10/site-packages/my_turtle_controller-0.0.0-py3.10.egg-info' (and everything under it)
[2.096s] Copying ../../build/my_turtle_controller/my_turtle_controller.egg-info to /home/elreyrtubuntu/lab-robotica/lab-4-robotica/install/my_turtle_controller/lib/python3.10/site-packages/my_turtle_controller-0.0.0-py3.10.egg-info
[2.098s] running install_scripts
[2.144s] Installing move_turtle script to /home/elreyrtubuntu/lab-robotica/lab-4-robotica/install/my_turtle_controller/lib/my_turtle_controller
[2.145s] writing list of installed files to '/home/elreyrtubuntu/lab-robotica/lab-4-robotica/build/my_turtle_controller/install.log'
[2.217s] Invoked command in '/home/elreyrtubuntu/lab-robotica/lab-4-robotica/src/my_turtle_controller' returned '0': PYTHONPATH=/home/elreyrtubuntu/lab-robotica/lab-4-robotica/build/my_turtle_controller/prefix_override:/usr/lib/python3/dist-packages/colcon_core/task/python/colcon_distutils_commands:/home/elreyrtubuntu/lab-robotica/lab-4-robotica/install/my_turtle_controller/lib/python3.10/site-packages:${PYTHONPATH} /usr/bin/python3 -W ignore:setup.py install is deprecated -W ignore:easy_install command is deprecated setup.py egg_info --egg-base ../../build/my_turtle_controller build --build-base /home/elreyrtubuntu/lab-robotica/lab-4-robotica/build/my_turtle_controller/build install --record /home/elreyrtubuntu/lab-robotica/lab-4-robotica/build/my_turtle_controller/install.log --single-version-externally-managed install_data
